<?xml version="1.0" encoding="UTF-8"?>
<!-- Generated by org.testng.reporters.JUnitReportReporter -->
<testsuite ignored="0" hostname="Achints-MacBook-Pro.local" failures="0" tests="10" name="com.experitest.auto.ADIBeribanktest" time="394.745" errors="0" timestamp="20 Jun 2023 14:08:50 GMT" skipped="0">
  <testcase classname="com.experitest.auto.ADIBeribanktest" name="quickStartiOSNativeDemo" time="40.811"/>
  <testcase classname="com.experitest.auto.ADIBeribanktest" name="quickStartiOSNativeDemo" time="37.436"/>
  <testcase classname="com.experitest.auto.ADIBeribanktest" name="quickStartiOSNativeDemo" time="41.678"/>
  <testcase classname="com.experitest.auto.ADIBeribanktest" name="quickStartiOSNativeDemo" time="37.239"/>
  <testcase classname="com.experitest.auto.ADIBeribanktest" name="quickStartiOSNativeDemo" time="37.502"/>
  <testcase classname="com.experitest.auto.ADIBeribanktest" name="quickStartiOSNativeDemo" time="38.688"/>
  <testcase classname="com.experitest.auto.ADIBeribanktest" name="quickStartiOSNativeDemo" time="41.376"/>
  <testcase classname="com.experitest.auto.ADIBeribanktest" name="quickStartiOSNativeDemo" time="39.617"/>
  <testcase classname="com.experitest.auto.ADIBeribanktest" name="quickStartiOSNativeDemo" time="39.619"/>
  <testcase classname="com.experitest.auto.ADIBeribanktest" name="quickStartiOSNativeDemo" time="40.779"/>
</testsuite> <!-- com.experitest.auto.ADIBeribanktest -->
