<?xml version="1.0" encoding="UTF-8"?>
<!-- Generated by org.testng.reporters.JUnitReportReporter -->
<testsuite ignored="0" hostname="Achints-MacBook-Pro.local" failures="0" tests="1" name="com.experitest.auto.ADIB_picker_issue" time="8.957" errors="0" timestamp="20 Jul 2023 09:36:24 GMT" skipped="0">
  <testcase classname="com.experitest.auto.ADIB_picker_issue" name="generatedMethod" time="8.957"/>
</testsuite> <!-- com.experitest.auto.ADIB_picker_issue -->
