<?xml version="1.0" encoding="UTF-8"?>
<!-- Generated by org.testng.reporters.JUnitReportReporter -->
<testsuite ignored="0" hostname="Achints-MacBook-Pro.local" failures="0" tests="1" name="com.experitest.auto.IosWeb_Browser_Test" time="3.628" errors="0" timestamp="28 Jun 2023 08:35:45 GMT" skipped="0">
  <testcase classname="com.experitest.auto.IosWeb_Browser_Test" name="quickStartiOSBrowserDemo" time="3.628"/>
</testsuite> <!-- com.experitest.auto.IosWeb_Browser_Test -->
