<?xml version="1.0" encoding="UTF-8"?>
<!-- Generated by org.testng.reporters.JUnitReportReporter -->
<testsuite ignored="0" hostname="Achints-MacBook-Pro.local" failures="0" tests="1" name="com.experitest.auto.KBC" time="20.098" errors="0" timestamp="15 Jun 2023 11:19:04 GMT" skipped="0">
  <testcase classname="com.experitest.auto.KBC" name="quickStartiOSNativeDemo" time="20.098"/>
</testsuite> <!-- com.experitest.auto.KBC -->
