<?xml version="1.0" encoding="UTF-8"?>
<!-- Generated by org.testng.reporters.JUnitReportReporter -->
<testsuite ignored="0" hostname="Achints-MacBook-Pro.local" failures="0" tests="1" name="com.experitest.auto.ADIBEribank" time="23.043" errors="0" timestamp="22 Jun 2023 15:37:25 GMT" skipped="0">
  <testcase classname="com.experitest.auto.ADIBEribank" name="quickStartiOSNativeDemo" time="23.043"/>
</testsuite> <!-- com.experitest.auto.ADIBEribank -->
