<?xml version="1.0" encoding="UTF-8"?>
<!-- Generated by org.testng.reporters.JUnitReportReporter -->
<testsuite ignored="0" hostname="Achints-MacBook-Pro.local" failures="0" tests="1" name="com.experitest.auto.IOS_Picker_Issue" time="3.586" errors="0" timestamp="10 Aug 2023 16:59:46 GMT" skipped="0">
  <testcase classname="com.experitest.auto.IOS_Picker_Issue" name="generatedMethod" time="3.586"/>
</testsuite> <!-- com.experitest.auto.IOS_Picker_Issue -->
