<?xml version="1.0" encoding="UTF-8"?>
<!-- Generated by org.testng.reporters.JUnitReportReporter -->
<testsuite ignored="0" hostname="Achints-MacBook-Pro.local" failures="0" tests="1" name="com.experitest.auto.BiogenAndroid" time="12.264" errors="0" timestamp="10 Jul 2023 07:21:21 GMT" skipped="0">
  <testcase classname="com.experitest.auto.BiogenAndroid" name="quickStartAndroidNativeDemo" time="12.264"/>
</testsuite> <!-- com.experitest.auto.BiogenAndroid -->
