<?xml version="1.0" encoding="UTF-8"?>
<!-- Generated by org.testng.reporters.JUnitReportReporter -->
<testsuite ignored="0" hostname="Achints-MacBook-Pro.local" failures="0" tests="1" name="com.experitest.auto.biogeniOS" time="39.025" errors="0" timestamp="10 Aug 2023 17:16:28 GMT" skipped="0">
  <testcase classname="com.experitest.auto.biogeniOS" name="quickStartiOSNativeDemo" time="39.025"/>
</testsuite> <!-- com.experitest.auto.biogeniOS -->
