<?xml version="1.0" encoding="UTF-8"?>
<!-- Generated by org.testng.reporters.JUnitReportReporter -->
<testsuite ignored="0" hostname="Achints-MacBook-Pro.local" failures="0" tests="1" name="com.experitest.auto.Biogen" time="46.760" errors="0" timestamp="09 Aug 2023 06:54:46 GMT" skipped="0">
  <testcase classname="com.experitest.auto.Biogen" name="CreateSession_Test" time="46.760"/>
</testsuite> <!-- com.experitest.auto.Biogen -->
